<?xml version="1.0" encoding="UTF-8"?>
<!-- Generated by org.testng.reporters.JUnitReportReporter -->
<testsuite hostname="AbhijeetSaurabh" failures="0" tests="2" name="Seleniumproject.TC_12Lab8th" time="15.402" errors="0" timestamp="2025-08-26T12:29:01 IST" skipped="0">
  <testcase classname="Seleniumproject.TC_12Lab8th" name="desktopsMacTest" time="8.100"/>
  <system-out>
    <![CDATA[Page title verified: Your Store
Navigated to Mac section
Mac heading verified
Selected sorting option: Name (A - Z)
Clicked Add to Cart button
Product successfully added to cart]]>
  </system-out>
  <testcase classname="Seleniumproject.TC_12Lab8th" name="searchTest" time="7.302"/>
  <system-out>
    <![CDATA[Searched for 'Mobile'
Search page loaded successfully
Searched with 'Monitors' including descriptions
Verified search results for 'Monitors']]>
  </system-out>
</testsuite> <!-- Seleniumproject.TC_12Lab8th -->
