<?xml version="1.0" encoding="UTF-8"?>
<!-- Generated by org.testng.reporters.JUnitReportReporter -->
<testsuite hostname="AbhijeetSaurabh" failures="0" tests="1" name="Seleniumproject.TC_009Pageobject" time="10.214" errors="0" timestamp="2025-08-29T20:50:08 IST" skipped="0">
  <testcase classname="Seleniumproject.TC_009Pageobject" name="f" time="10.214"/>
  <system-out/>
</testsuite> <!-- Seleniumproject.TC_009Pageobject -->
