<?xml version="1.0" encoding="UTF-8"?>
<!-- Generated by org.testng.reporters.JUnitReportReporter -->
<testsuite hostname="AbhijeetSaurabh" failures="0" tests="2" name="Seleniumproject.tt1" time="14.535" errors="0" timestamp="2025-08-26T10:42:02 IST" skipped="0">
  <testcase classname="Seleniumproject.tt1" name="f" time="7.222"/>
  <system-out/>
  <testcase classname="Seleniumproject.tt1" name="f" time="7.313"/>
  <system-out/>
</testsuite> <!-- Seleniumproject.tt1 -->
