<?xml version="1.0" encoding="UTF-8"?>
<!-- Generated by org.testng.reporters.JUnitReportReporter -->
<testsuite hostname="AbhijeetSaurabh" failures="0" tests="1" name="Seleniumproject.Lab3" time="69.877" errors="0" timestamp="2025-08-29T20:55:41 IST" skipped="0">
  <testcase classname="Seleniumproject.Lab3" name="lab_3" time="69.877"/>
  <system-out/>
</testsuite> <!-- Seleniumproject.Lab3 -->
