<?xml version="1.0" encoding="UTF-8"?>
<!-- Generated by org.testng.reporters.JUnitReportReporter -->
<testsuite hostname="AbhijeetSaurabh" failures="0" tests="2" name="Seleniumproject.TC_11Testng" time="13.670" errors="0" timestamp="2025-08-26T10:54:21 IST" skipped="0">
  <testcase classname="Seleniumproject.TC_11Testng" name="f" time="7.726"/>
  <system-out/>
  <testcase classname="Seleniumproject.TC_11Testng" name="f" time="5.944"/>
  <system-out/>
</testsuite> <!-- Seleniumproject.TC_11Testng -->
