<?xml version="1.0" encoding="UTF-8"?>
<!-- Generated by org.testng.reporters.JUnitReportReporter -->
<testsuite hostname="AbhijeetSaurabh" failures="0" tests="1" name="Seleniumproject.TC_Screenshots" time="11.653" errors="0" timestamp="2025-08-29T10:40:47 IST" skipped="0">
  <testcase classname="Seleniumproject.TC_Screenshots" name="screenshottest" time="11.653"/>
  <system-out/>
</testsuite> <!-- Seleniumproject.TC_Screenshots -->
